c:\users\gmarisa\desktop\projet_ig\trunk\temp\release\exemple\vc140.pdb
c:\users\gmarisa\desktop\projet_ig\trunk\temp\release\exemple\x_wing.obj
c:\users\gmarisa\desktop\projet_ig\trunk\temp\release\exemple\tourelle.obj
c:\users\gmarisa\desktop\projet_ig\trunk\temp\release\exemple\formegeometrique.obj
c:\users\gmarisa\desktop\projet_ig\trunk\temp\release\exemple\exemple.obj
c:\users\gmarisa\desktop\projet_ig\trunk\temp\release\exemple\pngfile.obj
c:\users\gmarisa\desktop\projet_ig\trunk\temp\release\exemple\imageutils.obj
c:\users\gmarisa\desktop\projet_ig\trunk\temp\release\exemple\image.obj
c:\users\gmarisa\desktop\projet_ig\trunk\temp\release\exemple\espace3uc.obj
c:\users\gmarisa\desktop\projet_ig\trunk\temp\release\exemple\chargepngfile.obj
c:\users\gmarisa\desktop\projet_ig\trunk\temp\release\exemple\pngtrans.obj
c:\users\gmarisa\desktop\projet_ig\trunk\temp\release\exemple\pngset.obj
c:\users\gmarisa\desktop\projet_ig\trunk\temp\release\exemple\pngrutil.obj
c:\users\gmarisa\desktop\projet_ig\trunk\temp\release\exemple\pngrtran.obj
c:\users\gmarisa\desktop\projet_ig\trunk\temp\release\exemple\pngrio.obj
c:\users\gmarisa\desktop\projet_ig\trunk\temp\release\exemple\pngread.obj
c:\users\gmarisa\desktop\projet_ig\trunk\temp\release\exemple\pngpread.obj
c:\users\gmarisa\desktop\projet_ig\trunk\temp\release\exemple\pngmem.obj
c:\users\gmarisa\desktop\projet_ig\trunk\temp\release\exemple\pngget.obj
c:\users\gmarisa\desktop\projet_ig\trunk\temp\release\exemple\pngerror.obj
c:\users\gmarisa\desktop\projet_ig\trunk\temp\release\exemple\png.obj
c:\users\gmarisa\desktop\projet_ig\trunk\temp\release\exemple\inftrees.obj
c:\users\gmarisa\desktop\projet_ig\trunk\temp\release\exemple\inflate.obj
c:\users\gmarisa\desktop\projet_ig\trunk\temp\release\exemple\inffast.obj
c:\users\gmarisa\desktop\projet_ig\trunk\temp\release\exemple\infback.obj
c:\users\gmarisa\desktop\projet_ig\trunk\temp\release\exemple\gzio.obj
c:\users\gmarisa\desktop\projet_ig\trunk\temp\release\exemple\deflate.obj
c:\users\gmarisa\desktop\projet_ig\trunk\temp\release\exemple\crc32.obj
c:\users\gmarisa\desktop\projet_ig\trunk\temp\release\exemple\compress.obj
c:\users\gmarisa\desktop\projet_ig\trunk\temp\release\exemple\adler32.obj
c:\users\gmarisa\desktop\projet_ig\trunk\temp\release\exemple\zutil.obj
c:\users\gmarisa\desktop\projet_ig\trunk\temp\release\exemple\uncompr.obj
c:\users\gmarisa\desktop\projet_ig\trunk\temp\release\exemple\trees.obj
c:\users\gmarisa\desktop\projet_ig\trunk\temp\release\exemple\pngwutil.obj
c:\users\gmarisa\desktop\projet_ig\trunk\temp\release\exemple\pngwtran.obj
c:\users\gmarisa\desktop\projet_ig\trunk\temp\release\exemple\pngwrite.obj
c:\users\gmarisa\desktop\projet_ig\trunk\temp\release\exemple\pngwio.obj
c:\users\gmarisa\desktop\projet_ig\trunk\temp\release\exemple\exemple.exe
c:\users\gmarisa\desktop\projet_ig\trunk\temp\release\exemple\exemple.ipdb
c:\users\gmarisa\desktop\projet_ig\trunk\temp\release\exemple\exemple.iobj
c:\users\gmarisa\desktop\projet_ig\trunk\temp\release\exemple\exemple.pdb
c:\users\gmarisa\desktop\projet_ig\trunk\projet\exemple\..\..\temp\release\exemple\exemple.exe
c:\users\gmarisa\desktop\projet_ig\trunk\temp\release\exemple\exemple.tlog\cl.command.1.tlog
c:\users\gmarisa\desktop\projet_ig\trunk\temp\release\exemple\exemple.tlog\cl.read.1.tlog
c:\users\gmarisa\desktop\projet_ig\trunk\temp\release\exemple\exemple.tlog\cl.write.1.tlog
c:\users\gmarisa\desktop\projet_ig\trunk\temp\release\exemple\exemple.tlog\link.command.1.tlog
c:\users\gmarisa\desktop\projet_ig\trunk\temp\release\exemple\exemple.tlog\link.read.1.tlog
c:\users\gmarisa\desktop\projet_ig\trunk\temp\release\exemple\exemple.tlog\link.write.1.tlog
